<?xml version="1.0" encoding="UTF-8"?>
<!-- Generated by org.testng.reporters.JUnitReportReporter -->
<testsuite hostname="LAPTOP-RFAMV0B3" failures="0" tests="1" name="utils.ConfigReader" time="0.007" errors="0" timestamp="2021-12-13T17:55:21 IST" skipped="0">
  <testcase classname="utils.ConfigReader" name="readData" time="0.007"/>
  <system-out/>
</testsuite> <!-- utils.ConfigReader -->
