<?xml version="1.0" encoding="UTF-8"?>
<!-- Generated by org.testng.reporters.JUnitReportReporter -->
<testsuite hostname="LAPTOP-RFAMV0B3" failures="0" tests="1" name="testcases.SystemUserTestCases" time="16.913" errors="0" timestamp="2021-12-17T13:06:52 IST" skipped="0">
  <testcase classname="testcases.SystemUserTestCases" name="verifySystemUserPage" time="16.913"/>
  <system-out/>
</testsuite> <!-- testcases.SystemUserTestCases -->
