<?xml version="1.0" encoding="UTF-8"?>
<!-- Generated by org.testng.reporters.JUnitReportReporter -->
<testsuite hostname="LAPTOP-RFAMV0B3" failures="0" tests="1" name="testcases.LoginPageTestCase" time="13.728" errors="0" timestamp="2021-12-17T13:06:52 IST" skipped="0">
  <testcase classname="testcases.LoginPageTestCase" name="HRM_LoginPage_VerifyWithValidCredentials" time="13.728"/>
  <system-out/>
</testsuite> <!-- testcases.LoginPageTestCase -->
